<?xml version="1.0" encoding="UTF-8"?>
<!-- Generated by org.testng.reporters.JUnitXMLReporter -->
<testsuite hostname="RACD-002157" ignored="0" name="Command line test" tests="8" failures="0" timestamp="04 Jul 2019 12:35:15 GMT" time="0.191" errors="0">
  <testcase name="@BeforeTest OpenBrowser" time="0.0" classname="Tests.TestBase">
    <failure type="org.testng.TestNGException" message="
Parameter &amp;apos;browser&amp;apos; is required by BeforeTest on method OpenBrowser but has not been marked @Optional or defined
">
      <![CDATA[org.testng.TestNGException: 
Parameter 'browser' is required by BeforeTest on method OpenBrowser but has not been marked @Optional or defined

at Tests.TestRunnerClassForAllure.main(TestRunnerClassForAllure.java:11)
... Removed 18 stack frames]]>
    </failure>
  </testcase> <!-- @BeforeTest OpenBrowser -->
  <testcase name="@BeforeMethod CreateReport" time="0.0" classname="Tests.TestBase">
    <skipped/>
  </testcase> <!-- @BeforeMethod CreateReport -->
  <testcase name="@AfterMethod GetReportResult" time="0.0" classname="Tests.TestBase">
    <skipped/>
  </testcase> <!-- @AfterMethod GetReportResult -->
  <testcase name="@BeforeMethod CreateReport" time="0.0" classname="Tests.TestBase">
    <skipped/>
  </testcase> <!-- @BeforeMethod CreateReport -->
  <testcase name="@AfterMethod GetReportResult" time="0.0" classname="Tests.TestBase">
    <skipped/>
  </testcase> <!-- @AfterMethod GetReportResult -->
  <testcase name="@BeforeMethod CreateReport" time="0.0" classname="Tests.TestBase">
    <skipped/>
  </testcase> <!-- @BeforeMethod CreateReport -->
  <testcase name="@AfterMethod GetReportResult" time="0.0" classname="Tests.TestBase">
    <skipped/>
  </testcase> <!-- @AfterMethod GetReportResult -->
  <testcase name="@BeforeMethod CreateReport" time="0.0" classname="Tests.TestBase">
    <skipped/>
  </testcase> <!-- @BeforeMethod CreateReport -->
  <testcase name="@AfterMethod GetReportResult" time="0.0" classname="Tests.TestBase">
    <skipped/>
  </testcase> <!-- @AfterMethod GetReportResult -->
  <testcase name="@BeforeMethod CreateReport" time="0.0" classname="Tests.TestBase">
    <skipped/>
  </testcase> <!-- @BeforeMethod CreateReport -->
  <testcase name="@AfterMethod GetReportResult" time="0.0" classname="Tests.TestBase">
    <skipped/>
  </testcase> <!-- @AfterMethod GetReportResult -->
  <testcase name="@BeforeMethod CreateReport" time="0.0" classname="Tests.TestBase">
    <skipped/>
  </testcase> <!-- @BeforeMethod CreateReport -->
  <testcase name="@AfterMethod GetReportResult" time="0.0" classname="Tests.TestBase">
    <skipped/>
  </testcase> <!-- @AfterMethod GetReportResult -->
  <testcase name="@BeforeMethod CreateReport" time="0.0" classname="Tests.TestBase">
    <skipped/>
  </testcase> <!-- @BeforeMethod CreateReport -->
  <testcase name="@AfterMethod GetReportResult" time="0.0" classname="Tests.TestBase">
    <skipped/>
  </testcase> <!-- @AfterMethod GetReportResult -->
  <testcase name="@BeforeMethod CreateReport" time="0.0" classname="Tests.TestBase">
    <skipped/>
  </testcase> <!-- @BeforeMethod CreateReport -->
  <testcase name="@AfterMethod GetReportResult" time="0.0" classname="Tests.TestBase">
    <skipped/>
  </testcase> <!-- @AfterMethod GetReportResult -->
  <testcase name="@AfterTest TearDownApplication" time="0.0" classname="Tests.TestBase">
    <skipped/>
  </testcase> <!-- @AfterTest TearDownApplication -->
  <testcase name="verifyLoginPageTitleTest" time="0.0" classname="Tests.LoginTest">
    <skipped/>
  </testcase> <!-- verifyLoginPageTitleTest -->
  <testcase name="verifyHomePageTitleTest" time="0.0" classname="Tests.LoginTest">
    <skipped/>
  </testcase> <!-- verifyHomePageTitleTest -->
  <testcase name="verifyContactPageTitleTest" time="0.0" classname="Tests.LoginTest">
    <skipped/>
  </testcase> <!-- verifyContactPageTitleTest -->
  <testcase name="verifyUserNameTest" time="0.0" classname="Tests.LoginTest">
    <skipped/>
  </testcase> <!-- verifyUserNameTest -->
  <testcase name="verifySearchContactsTest" time="0.0" classname="Tests.LoginTest">
    <skipped/>
  </testcase> <!-- verifySearchContactsTest -->
  <testcase name="verifyImportsTest" time="0.0" classname="Tests.LoginTest">
    <skipped/>
  </testcase> <!-- verifyImportsTest -->
  <testcase name="verifyCreateCompanyTest" time="0.0" classname="Tests.LoginTest">
    <skipped/>
  </testcase> <!-- verifyCreateCompanyTest -->
  <testcase name="verifyCreateDashboardTest" time="0.0" classname="Tests.LoginTest">
    <skipped/>
  </testcase> <!-- verifyCreateDashboardTest -->
</testsuite> <!-- Command line test -->
