<html>
<head>
<title>TestNG:  Command line test</title>
<link href="../testng.css" rel="stylesheet" type="text/css" />
<link href="../my-testng.css" rel="stylesheet" type="text/css" />

<style type="text/css">
.log { display: none;} 
.stack-trace { display: none;} 
</style>
<script type="text/javascript">
<!--
function flip(e) {
  current = e.style.display;
  if (current == 'block') {
    e.style.display = 'none';
    return 0;
  }
  else {
    e.style.display = 'block';
    return 1;
  }
}

function toggleBox(szDivId, elem, msg1, msg2)
{
  var res = -1;  if (document.getElementById) {
    res = flip(document.getElementById(szDivId));
  }
  else if (document.all) {
    // this is the way old msie versions work
    res = flip(document.all[szDivId]);
  }
  if(elem) {
    if(res == 0) elem.innerHTML = msg1; else elem.innerHTML = msg2;
  }

}

function toggleAllBoxes() {
  if (document.getElementsByTagName) {
    d = document.getElementsByTagName('div');
    for (i = 0; i < d.length; i++) {
      if (d[i].className == 'log') {
        flip(d[i]);
      }
    }
  }
}

// -->
</script>

</head>
<body>
<h2 align='center'>Command line test</h2><table border='1' align="center">
<tr>
<td>Tests passed/Failed/Skipped:</td><td>0/0/8</td>
</tr><tr>
<td>Started on:</td><td>Thu Jul 04 18:05:15 IST 2019</td>
</tr>
<tr><td>Total time:</td><td>0 seconds (191 ms)</td>
</tr><tr>
<td>Included groups:</td><td></td>
</tr><tr>
<td>Excluded groups:</td><td></td>
</tr>
</table><p/>
<small><i>(Hover the method name to see the test class name)</i></small><p/>
<table width='100%' border='1' class='invocation-failed'>
<tr><td colspan='4' align='center'><b>FAILED CONFIGURATIONS</b></td></tr>
<tr><td><b>Test method</b></td>
<td width="30%"><b>Exception</b></td>
<td width="10%"><b>Time (seconds)</b></td>
<td><b>Instance</b></td>
</tr>
<tr>
<td title='Tests.LoginTest.OpenBrowser()'><b>OpenBrowser</b><br>Test class: Tests.LoginTest</td>
<td><div><pre>org.testng.TestNGException: 
Parameter &apos;browser&apos; is required by BeforeTest on method OpenBrowser but has not been marked @Optional or defined

	at Tests.TestRunnerClassForAllure.main(TestRunnerClassForAllure.java:11)
... Removed 18 stack frames</pre></div><a href='#' onClick='toggleBox("stack-trace1125381564", this, "Click to show all stack frames", "Click to hide stack frames")'>Click to show all stack frames</a>
<div class='stack-trace' id='stack-trace1125381564'><pre>org.testng.TestNGException: 
Parameter &apos;browser&apos; is required by BeforeTest on method OpenBrowser but has not been marked @Optional or defined

	at org.testng.internal.Parameters.createParams(Parameters.java:290)
	at org.testng.internal.Parameters.createParametersForMethod(Parameters.java:359)
	at org.testng.internal.Parameters.createParameters(Parameters.java:620)
	at org.testng.internal.Parameters.createConfigurationParameters(Parameters.java:190)
	at org.testng.internal.Invoker.invokeConfigurations(Invoker.java:209)
	at org.testng.internal.Invoker.invokeConfigurations(Invoker.java:142)
	at org.testng.TestRunner.beforeRun(TestRunner.java:529)
	at org.testng.TestRunner.run(TestRunner.java:497)
	at org.testng.SuiteRunner.runTest(SuiteRunner.java:455)
	at org.testng.SuiteRunner.runSequentially(SuiteRunner.java:450)
	at org.testng.SuiteRunner.privateRun(SuiteRunner.java:415)
	at org.testng.SuiteRunner.run(SuiteRunner.java:364)
	at org.testng.SuiteRunnerWorker.runSuite(SuiteRunnerWorker.java:52)
	at org.testng.SuiteRunnerWorker.run(SuiteRunnerWorker.java:84)
	at org.testng.TestNG.runSuitesSequentially(TestNG.java:1208)
	at org.testng.TestNG.runSuitesLocally(TestNG.java:1137)
	at org.testng.TestNG.runSuites(TestNG.java:1049)
	at org.testng.TestNG.run(TestNG.java:1017)
	at Tests.TestRunnerClassForAllure.main(TestRunnerClassForAllure.java:11)
</pre></div></td>
<td>0</td>
<td>Tests.LoginTest@3b94d659</td></tr>
</table><p>
<table width='100%' border='1' class='invocation-skipped'>
<tr><td colspan='4' align='center'><b>SKIPPED CONFIGURATIONS</b></td></tr>
<tr><td><b>Test method</b></td>
<td width="30%"><b>Exception</b></td>
<td width="10%"><b>Time (seconds)</b></td>
<td><b>Instance</b></td>
</tr>
<tr>
<td title='Tests.LoginTest.CreateReport()'><b>CreateReport</b><br>Test class: Tests.LoginTest</td>
<td></td>
<td>0</td>
<td>Tests.LoginTest@3b94d659</td></tr>
<tr>
<td title='Tests.LoginTest.CreateReport()'><b>CreateReport</b><br>Test class: Tests.LoginTest</td>
<td></td>
<td>0</td>
<td>Tests.LoginTest@3b94d659</td></tr>
<tr>
<td title='Tests.LoginTest.CreateReport()'><b>CreateReport</b><br>Test class: Tests.LoginTest</td>
<td></td>
<td>0</td>
<td>Tests.LoginTest@3b94d659</td></tr>
<tr>
<td title='Tests.LoginTest.CreateReport()'><b>CreateReport</b><br>Test class: Tests.LoginTest</td>
<td></td>
<td>0</td>
<td>Tests.LoginTest@3b94d659</td></tr>
<tr>
<td title='Tests.LoginTest.CreateReport()'><b>CreateReport</b><br>Test class: Tests.LoginTest</td>
<td></td>
<td>0</td>
<td>Tests.LoginTest@3b94d659</td></tr>
<tr>
<td title='Tests.LoginTest.CreateReport()'><b>CreateReport</b><br>Test class: Tests.LoginTest</td>
<td></td>
<td>0</td>
<td>Tests.LoginTest@3b94d659</td></tr>
<tr>
<td title='Tests.LoginTest.CreateReport()'><b>CreateReport</b><br>Test class: Tests.LoginTest</td>
<td></td>
<td>0</td>
<td>Tests.LoginTest@3b94d659</td></tr>
<tr>
<td title='Tests.LoginTest.CreateReport()'><b>CreateReport</b><br>Test class: Tests.LoginTest</td>
<td></td>
<td>0</td>
<td>Tests.LoginTest@3b94d659</td></tr>
<tr>
<td title='Tests.LoginTest.GetReportResult()'><b>GetReportResult</b><br>Test class: Tests.LoginTest</td>
<td></td>
<td>0</td>
<td>Tests.LoginTest@3b94d659</td></tr>
<tr>
<td title='Tests.LoginTest.GetReportResult()'><b>GetReportResult</b><br>Test class: Tests.LoginTest</td>
<td></td>
<td>0</td>
<td>Tests.LoginTest@3b94d659</td></tr>
<tr>
<td title='Tests.LoginTest.GetReportResult()'><b>GetReportResult</b><br>Test class: Tests.LoginTest</td>
<td></td>
<td>0</td>
<td>Tests.LoginTest@3b94d659</td></tr>
<tr>
<td title='Tests.LoginTest.GetReportResult()'><b>GetReportResult</b><br>Test class: Tests.LoginTest</td>
<td></td>
<td>0</td>
<td>Tests.LoginTest@3b94d659</td></tr>
<tr>
<td title='Tests.LoginTest.GetReportResult()'><b>GetReportResult</b><br>Test class: Tests.LoginTest</td>
<td></td>
<td>0</td>
<td>Tests.LoginTest@3b94d659</td></tr>
<tr>
<td title='Tests.LoginTest.GetReportResult()'><b>GetReportResult</b><br>Test class: Tests.LoginTest</td>
<td></td>
<td>0</td>
<td>Tests.LoginTest@3b94d659</td></tr>
<tr>
<td title='Tests.LoginTest.GetReportResult()'><b>GetReportResult</b><br>Test class: Tests.LoginTest</td>
<td></td>
<td>0</td>
<td>Tests.LoginTest@3b94d659</td></tr>
<tr>
<td title='Tests.LoginTest.GetReportResult()'><b>GetReportResult</b><br>Test class: Tests.LoginTest</td>
<td></td>
<td>0</td>
<td>Tests.LoginTest@3b94d659</td></tr>
<tr>
<td title='Tests.LoginTest.TearDownApplication()'><b>TearDownApplication</b><br>Test class: Tests.LoginTest</td>
<td></td>
<td>0</td>
<td>Tests.LoginTest@3b94d659</td></tr>
</table><p>
<table width='100%' border='1' class='invocation-skipped'>
<tr><td colspan='4' align='center'><b>SKIPPED TESTS</b></td></tr>
<tr><td><b>Test method</b></td>
<td width="30%"><b>Exception</b></td>
<td width="10%"><b>Time (seconds)</b></td>
<td><b>Instance</b></td>
</tr>
<tr>
<td title='Tests.LoginTest.verifyContactPageTitleTest()'><b>verifyContactPageTitleTest</b><br>Test class: Tests.LoginTest<br>Test method: verifying contact page title test</td>
<td><div><pre>org.testng.TestNGException: 
Parameter &apos;browser&apos; is required by BeforeTest on method OpenBrowser but has not been marked @Optional or defined

	at Tests.TestRunnerClassForAllure.main(TestRunnerClassForAllure.java:11)
... Removed 18 stack frames</pre></div><a href='#' onClick='toggleBox("stack-trace530653666", this, "Click to show all stack frames", "Click to hide stack frames")'>Click to show all stack frames</a>
<div class='stack-trace' id='stack-trace530653666'><pre>org.testng.TestNGException: 
Parameter &apos;browser&apos; is required by BeforeTest on method OpenBrowser but has not been marked @Optional or defined

	at org.testng.internal.Parameters.createParams(Parameters.java:290)
	at org.testng.internal.Parameters.createParametersForMethod(Parameters.java:359)
	at org.testng.internal.Parameters.createParameters(Parameters.java:620)
	at org.testng.internal.Parameters.createConfigurationParameters(Parameters.java:190)
	at org.testng.internal.Invoker.invokeConfigurations(Invoker.java:209)
	at org.testng.internal.Invoker.invokeConfigurations(Invoker.java:142)
	at org.testng.TestRunner.beforeRun(TestRunner.java:529)
	at org.testng.TestRunner.run(TestRunner.java:497)
	at org.testng.SuiteRunner.runTest(SuiteRunner.java:455)
	at org.testng.SuiteRunner.runSequentially(SuiteRunner.java:450)
	at org.testng.SuiteRunner.privateRun(SuiteRunner.java:415)
	at org.testng.SuiteRunner.run(SuiteRunner.java:364)
	at org.testng.SuiteRunnerWorker.runSuite(SuiteRunnerWorker.java:52)
	at org.testng.SuiteRunnerWorker.run(SuiteRunnerWorker.java:84)
	at org.testng.TestNG.runSuitesSequentially(TestNG.java:1208)
	at org.testng.TestNG.runSuitesLocally(TestNG.java:1137)
	at org.testng.TestNG.runSuites(TestNG.java:1049)
	at org.testng.TestNG.run(TestNG.java:1017)
	at Tests.TestRunnerClassForAllure.main(TestRunnerClassForAllure.java:11)
</pre></div></td>
<td>0</td>
<td>Tests.LoginTest@3b94d659</td></tr>
<tr>
<td title='Tests.LoginTest.verifyCreateCompanyTest()'><b>verifyCreateCompanyTest</b><br>Test class: Tests.LoginTest<br>Test method: verifying create company function test</td>
<td><div><pre>org.testng.TestNGException: 
Parameter &apos;browser&apos; is required by BeforeTest on method OpenBrowser but has not been marked @Optional or defined

	at Tests.TestRunnerClassForAllure.main(TestRunnerClassForAllure.java:11)
... Removed 18 stack frames</pre></div><a href='#' onClick='toggleBox("stack-trace1309176095", this, "Click to show all stack frames", "Click to hide stack frames")'>Click to show all stack frames</a>
<div class='stack-trace' id='stack-trace1309176095'><pre>org.testng.TestNGException: 
Parameter &apos;browser&apos; is required by BeforeTest on method OpenBrowser but has not been marked @Optional or defined

	at org.testng.internal.Parameters.createParams(Parameters.java:290)
	at org.testng.internal.Parameters.createParametersForMethod(Parameters.java:359)
	at org.testng.internal.Parameters.createParameters(Parameters.java:620)
	at org.testng.internal.Parameters.createConfigurationParameters(Parameters.java:190)
	at org.testng.internal.Invoker.invokeConfigurations(Invoker.java:209)
	at org.testng.internal.Invoker.invokeConfigurations(Invoker.java:142)
	at org.testng.TestRunner.beforeRun(TestRunner.java:529)
	at org.testng.TestRunner.run(TestRunner.java:497)
	at org.testng.SuiteRunner.runTest(SuiteRunner.java:455)
	at org.testng.SuiteRunner.runSequentially(SuiteRunner.java:450)
	at org.testng.SuiteRunner.privateRun(SuiteRunner.java:415)
	at org.testng.SuiteRunner.run(SuiteRunner.java:364)
	at org.testng.SuiteRunnerWorker.runSuite(SuiteRunnerWorker.java:52)
	at org.testng.SuiteRunnerWorker.run(SuiteRunnerWorker.java:84)
	at org.testng.TestNG.runSuitesSequentially(TestNG.java:1208)
	at org.testng.TestNG.runSuitesLocally(TestNG.java:1137)
	at org.testng.TestNG.runSuites(TestNG.java:1049)
	at org.testng.TestNG.run(TestNG.java:1017)
	at Tests.TestRunnerClassForAllure.main(TestRunnerClassForAllure.java:11)
</pre></div></td>
<td>0</td>
<td>Tests.LoginTest@3b94d659</td></tr>
<tr>
<td title='Tests.LoginTest.verifyCreateDashboardTest()'><b>verifyCreateDashboardTest</b><br>Test class: Tests.LoginTest<br>Test method: verifying create dashboard function test</td>
<td><div><pre>org.testng.TestNGException: 
Parameter &apos;browser&apos; is required by BeforeTest on method OpenBrowser but has not been marked @Optional or defined

	at Tests.TestRunnerClassForAllure.main(TestRunnerClassForAllure.java:11)
... Removed 18 stack frames</pre></div><a href='#' onClick='toggleBox("stack-trace1026055550", this, "Click to show all stack frames", "Click to hide stack frames")'>Click to show all stack frames</a>
<div class='stack-trace' id='stack-trace1026055550'><pre>org.testng.TestNGException: 
Parameter &apos;browser&apos; is required by BeforeTest on method OpenBrowser but has not been marked @Optional or defined

	at org.testng.internal.Parameters.createParams(Parameters.java:290)
	at org.testng.internal.Parameters.createParametersForMethod(Parameters.java:359)
	at org.testng.internal.Parameters.createParameters(Parameters.java:620)
	at org.testng.internal.Parameters.createConfigurationParameters(Parameters.java:190)
	at org.testng.internal.Invoker.invokeConfigurations(Invoker.java:209)
	at org.testng.internal.Invoker.invokeConfigurations(Invoker.java:142)
	at org.testng.TestRunner.beforeRun(TestRunner.java:529)
	at org.testng.TestRunner.run(TestRunner.java:497)
	at org.testng.SuiteRunner.runTest(SuiteRunner.java:455)
	at org.testng.SuiteRunner.runSequentially(SuiteRunner.java:450)
	at org.testng.SuiteRunner.privateRun(SuiteRunner.java:415)
	at org.testng.SuiteRunner.run(SuiteRunner.java:364)
	at org.testng.SuiteRunnerWorker.runSuite(SuiteRunnerWorker.java:52)
	at org.testng.SuiteRunnerWorker.run(SuiteRunnerWorker.java:84)
	at org.testng.TestNG.runSuitesSequentially(TestNG.java:1208)
	at org.testng.TestNG.runSuitesLocally(TestNG.java:1137)
	at org.testng.TestNG.runSuites(TestNG.java:1049)
	at org.testng.TestNG.run(TestNG.java:1017)
	at Tests.TestRunnerClassForAllure.main(TestRunnerClassForAllure.java:11)
</pre></div></td>
<td>0</td>
<td>Tests.LoginTest@3b94d659</td></tr>
<tr>
<td title='Tests.LoginTest.verifyHomePageTitleTest()'><b>verifyHomePageTitleTest</b><br>Test class: Tests.LoginTest<br>Test method: verifying home page title test</td>
<td><div><pre>org.testng.TestNGException: 
Parameter &apos;browser&apos; is required by BeforeTest on method OpenBrowser but has not been marked @Optional or defined

	at Tests.TestRunnerClassForAllure.main(TestRunnerClassForAllure.java:11)
... Removed 18 stack frames</pre></div><a href='#' onClick='toggleBox("stack-trace116405378", this, "Click to show all stack frames", "Click to hide stack frames")'>Click to show all stack frames</a>
<div class='stack-trace' id='stack-trace116405378'><pre>org.testng.TestNGException: 
Parameter &apos;browser&apos; is required by BeforeTest on method OpenBrowser but has not been marked @Optional or defined

	at org.testng.internal.Parameters.createParams(Parameters.java:290)
	at org.testng.internal.Parameters.createParametersForMethod(Parameters.java:359)
	at org.testng.internal.Parameters.createParameters(Parameters.java:620)
	at org.testng.internal.Parameters.createConfigurationParameters(Parameters.java:190)
	at org.testng.internal.Invoker.invokeConfigurations(Invoker.java:209)
	at org.testng.internal.Invoker.invokeConfigurations(Invoker.java:142)
	at org.testng.TestRunner.beforeRun(TestRunner.java:529)
	at org.testng.TestRunner.run(TestRunner.java:497)
	at org.testng.SuiteRunner.runTest(SuiteRunner.java:455)
	at org.testng.SuiteRunner.runSequentially(SuiteRunner.java:450)
	at org.testng.SuiteRunner.privateRun(SuiteRunner.java:415)
	at org.testng.SuiteRunner.run(SuiteRunner.java:364)
	at org.testng.SuiteRunnerWorker.runSuite(SuiteRunnerWorker.java:52)
	at org.testng.SuiteRunnerWorker.run(SuiteRunnerWorker.java:84)
	at org.testng.TestNG.runSuitesSequentially(TestNG.java:1208)
	at org.testng.TestNG.runSuitesLocally(TestNG.java:1137)
	at org.testng.TestNG.runSuites(TestNG.java:1049)
	at org.testng.TestNG.run(TestNG.java:1017)
	at Tests.TestRunnerClassForAllure.main(TestRunnerClassForAllure.java:11)
</pre></div></td>
<td>0</td>
<td>Tests.LoginTest@3b94d659</td></tr>
<tr>
<td title='Tests.LoginTest.verifyImportsTest()'><b>verifyImportsTest</b><br>Test class: Tests.LoginTest<br>Test method: verifying imports function test</td>
<td><div><pre>org.testng.TestNGException: 
Parameter &apos;browser&apos; is required by BeforeTest on method OpenBrowser but has not been marked @Optional or defined

	at Tests.TestRunnerClassForAllure.main(TestRunnerClassForAllure.java:11)
... Removed 18 stack frames</pre></div><a href='#' onClick='toggleBox("stack-trace1006094903", this, "Click to show all stack frames", "Click to hide stack frames")'>Click to show all stack frames</a>
<div class='stack-trace' id='stack-trace1006094903'><pre>org.testng.TestNGException: 
Parameter &apos;browser&apos; is required by BeforeTest on method OpenBrowser but has not been marked @Optional or defined

	at org.testng.internal.Parameters.createParams(Parameters.java:290)
	at org.testng.internal.Parameters.createParametersForMethod(Parameters.java:359)
	at org.testng.internal.Parameters.createParameters(Parameters.java:620)
	at org.testng.internal.Parameters.createConfigurationParameters(Parameters.java:190)
	at org.testng.internal.Invoker.invokeConfigurations(Invoker.java:209)
	at org.testng.internal.Invoker.invokeConfigurations(Invoker.java:142)
	at org.testng.TestRunner.beforeRun(TestRunner.java:529)
	at org.testng.TestRunner.run(TestRunner.java:497)
	at org.testng.SuiteRunner.runTest(SuiteRunner.java:455)
	at org.testng.SuiteRunner.runSequentially(SuiteRunner.java:450)
	at org.testng.SuiteRunner.privateRun(SuiteRunner.java:415)
	at org.testng.SuiteRunner.run(SuiteRunner.java:364)
	at org.testng.SuiteRunnerWorker.runSuite(SuiteRunnerWorker.java:52)
	at org.testng.SuiteRunnerWorker.run(SuiteRunnerWorker.java:84)
	at org.testng.TestNG.runSuitesSequentially(TestNG.java:1208)
	at org.testng.TestNG.runSuitesLocally(TestNG.java:1137)
	at org.testng.TestNG.runSuites(TestNG.java:1049)
	at org.testng.TestNG.run(TestNG.java:1017)
	at Tests.TestRunnerClassForAllure.main(TestRunnerClassForAllure.java:11)
</pre></div></td>
<td>0</td>
<td>Tests.LoginTest@3b94d659</td></tr>
<tr>
<td title='Tests.LoginTest.verifyLoginPageTitleTest()'><b>verifyLoginPageTitleTest</b><br>Test class: Tests.LoginTest<br>Test method: verifying login page title test</td>
<td><div><pre>org.testng.TestNGException: 
Parameter &apos;browser&apos; is required by BeforeTest on method OpenBrowser but has not been marked @Optional or defined

	at Tests.TestRunnerClassForAllure.main(TestRunnerClassForAllure.java:11)
... Removed 18 stack frames</pre></div><a href='#' onClick='toggleBox("stack-trace1199262943", this, "Click to show all stack frames", "Click to hide stack frames")'>Click to show all stack frames</a>
<div class='stack-trace' id='stack-trace1199262943'><pre>org.testng.TestNGException: 
Parameter &apos;browser&apos; is required by BeforeTest on method OpenBrowser but has not been marked @Optional or defined

	at org.testng.internal.Parameters.createParams(Parameters.java:290)
	at org.testng.internal.Parameters.createParametersForMethod(Parameters.java:359)
	at org.testng.internal.Parameters.createParameters(Parameters.java:620)
	at org.testng.internal.Parameters.createConfigurationParameters(Parameters.java:190)
	at org.testng.internal.Invoker.invokeConfigurations(Invoker.java:209)
	at org.testng.internal.Invoker.invokeConfigurations(Invoker.java:142)
	at org.testng.TestRunner.beforeRun(TestRunner.java:529)
	at org.testng.TestRunner.run(TestRunner.java:497)
	at org.testng.SuiteRunner.runTest(SuiteRunner.java:455)
	at org.testng.SuiteRunner.runSequentially(SuiteRunner.java:450)
	at org.testng.SuiteRunner.privateRun(SuiteRunner.java:415)
	at org.testng.SuiteRunner.run(SuiteRunner.java:364)
	at org.testng.SuiteRunnerWorker.runSuite(SuiteRunnerWorker.java:52)
	at org.testng.SuiteRunnerWorker.run(SuiteRunnerWorker.java:84)
	at org.testng.TestNG.runSuitesSequentially(TestNG.java:1208)
	at org.testng.TestNG.runSuitesLocally(TestNG.java:1137)
	at org.testng.TestNG.runSuites(TestNG.java:1049)
	at org.testng.TestNG.run(TestNG.java:1017)
	at Tests.TestRunnerClassForAllure.main(TestRunnerClassForAllure.java:11)
</pre></div></td>
<td>0</td>
<td>Tests.LoginTest@3b94d659</td></tr>
<tr>
<td title='Tests.LoginTest.verifySearchContactsTest()'><b>verifySearchContactsTest</b><br>Test class: Tests.LoginTest<br>Test method: verifying search contacts test</td>
<td><div><pre>org.testng.TestNGException: 
Parameter &apos;browser&apos; is required by BeforeTest on method OpenBrowser but has not been marked @Optional or defined

	at Tests.TestRunnerClassForAllure.main(TestRunnerClassForAllure.java:11)
... Removed 18 stack frames</pre></div><a href='#' onClick='toggleBox("stack-trace945288723", this, "Click to show all stack frames", "Click to hide stack frames")'>Click to show all stack frames</a>
<div class='stack-trace' id='stack-trace945288723'><pre>org.testng.TestNGException: 
Parameter &apos;browser&apos; is required by BeforeTest on method OpenBrowser but has not been marked @Optional or defined

	at org.testng.internal.Parameters.createParams(Parameters.java:290)
	at org.testng.internal.Parameters.createParametersForMethod(Parameters.java:359)
	at org.testng.internal.Parameters.createParameters(Parameters.java:620)
	at org.testng.internal.Parameters.createConfigurationParameters(Parameters.java:190)
	at org.testng.internal.Invoker.invokeConfigurations(Invoker.java:209)
	at org.testng.internal.Invoker.invokeConfigurations(Invoker.java:142)
	at org.testng.TestRunner.beforeRun(TestRunner.java:529)
	at org.testng.TestRunner.run(TestRunner.java:497)
	at org.testng.SuiteRunner.runTest(SuiteRunner.java:455)
	at org.testng.SuiteRunner.runSequentially(SuiteRunner.java:450)
	at org.testng.SuiteRunner.privateRun(SuiteRunner.java:415)
	at org.testng.SuiteRunner.run(SuiteRunner.java:364)
	at org.testng.SuiteRunnerWorker.runSuite(SuiteRunnerWorker.java:52)
	at org.testng.SuiteRunnerWorker.run(SuiteRunnerWorker.java:84)
	at org.testng.TestNG.runSuitesSequentially(TestNG.java:1208)
	at org.testng.TestNG.runSuitesLocally(TestNG.java:1137)
	at org.testng.TestNG.runSuites(TestNG.java:1049)
	at org.testng.TestNG.run(TestNG.java:1017)
	at Tests.TestRunnerClassForAllure.main(TestRunnerClassForAllure.java:11)
</pre></div></td>
<td>0</td>
<td>Tests.LoginTest@3b94d659</td></tr>
<tr>
<td title='Tests.LoginTest.verifyUserNameTest()'><b>verifyUserNameTest</b><br>Test class: Tests.LoginTest<br>Test method: verifying username</td>
<td><div><pre>org.testng.TestNGException: 
Parameter &apos;browser&apos; is required by BeforeTest on method OpenBrowser but has not been marked @Optional or defined

	at Tests.TestRunnerClassForAllure.main(TestRunnerClassForAllure.java:11)
... Removed 18 stack frames</pre></div><a href='#' onClick='toggleBox("stack-trace1961176822", this, "Click to show all stack frames", "Click to hide stack frames")'>Click to show all stack frames</a>
<div class='stack-trace' id='stack-trace1961176822'><pre>org.testng.TestNGException: 
Parameter &apos;browser&apos; is required by BeforeTest on method OpenBrowser but has not been marked @Optional or defined

	at org.testng.internal.Parameters.createParams(Parameters.java:290)
	at org.testng.internal.Parameters.createParametersForMethod(Parameters.java:359)
	at org.testng.internal.Parameters.createParameters(Parameters.java:620)
	at org.testng.internal.Parameters.createConfigurationParameters(Parameters.java:190)
	at org.testng.internal.Invoker.invokeConfigurations(Invoker.java:209)
	at org.testng.internal.Invoker.invokeConfigurations(Invoker.java:142)
	at org.testng.TestRunner.beforeRun(TestRunner.java:529)
	at org.testng.TestRunner.run(TestRunner.java:497)
	at org.testng.SuiteRunner.runTest(SuiteRunner.java:455)
	at org.testng.SuiteRunner.runSequentially(SuiteRunner.java:450)
	at org.testng.SuiteRunner.privateRun(SuiteRunner.java:415)
	at org.testng.SuiteRunner.run(SuiteRunner.java:364)
	at org.testng.SuiteRunnerWorker.runSuite(SuiteRunnerWorker.java:52)
	at org.testng.SuiteRunnerWorker.run(SuiteRunnerWorker.java:84)
	at org.testng.TestNG.runSuitesSequentially(TestNG.java:1208)
	at org.testng.TestNG.runSuitesLocally(TestNG.java:1137)
	at org.testng.TestNG.runSuites(TestNG.java:1049)
	at org.testng.TestNG.run(TestNG.java:1017)
	at Tests.TestRunnerClassForAllure.main(TestRunnerClassForAllure.java:11)
</pre></div></td>
<td>0</td>
<td>Tests.LoginTest@3b94d659</td></tr>
</table><p>
</body>
</html>