<?xml version="1.0" encoding="UTF-8"?>
<!-- Generated by org.testng.reporters.JUnitXMLReporter -->
<testsuite hostname="RACD-002157" ignored="0" name="Test" tests="17" failures="3" timestamp="20 Jun 2019 06:02:56 GMT" time="242.938" errors="0">
  <testcase name="verifyLoginPageTitleTest" time="35.114" classname="Tests.LoginTest"/>
  <testcase name="verifyHomePageTitleTest" time="30.049" classname="Tests.LoginTest"/>
  <testcase name="verifyContactPageTitleTest" time="141.011" classname="Tests.LoginTest"/>
  <testcase name="verifyUserNameTest" time="30.478" classname="Tests.LoginTest"/>
  <testcase name="verifySearchContactsTest" time="0.01" classname="Tests.LoginTest">
    <skipped/>
  </testcase> <!-- verifySearchContactsTest -->
  <testcase name="verifySearchContactsTest" time="0.002" classname="Tests.LoginTest">
    <skipped/>
  </testcase> <!-- verifySearchContactsTest -->
  <testcase name="verifySearchContactsTest" time="0.003" classname="Tests.LoginTest">
    <skipped/>
  </testcase> <!-- verifySearchContactsTest -->
  <testcase name="verifySearchContactsTest" time="0.004" classname="Tests.LoginTest">
    <failure type="java.lang.IllegalArgumentException" message="wrong number of arguments">
      <![CDATA[java.lang.IllegalArgumentException: wrong number of arguments
... Removed 25 stack frames]]>
    </failure>
  </testcase> <!-- verifySearchContactsTest -->
  <testcase name="verifyImportsTest" time="0.004" classname="Tests.LoginTest">
    <skipped/>
  </testcase> <!-- verifyImportsTest -->
  <testcase name="verifyImportsTest" time="0.003" classname="Tests.LoginTest">
    <skipped/>
  </testcase> <!-- verifyImportsTest -->
  <testcase name="verifyImportsTest" time="0.003" classname="Tests.LoginTest">
    <skipped/>
  </testcase> <!-- verifyImportsTest -->
  <testcase name="verifyImportsTest" time="0.004" classname="Tests.LoginTest">
    <failure type="java.lang.IllegalArgumentException" message="wrong number of arguments">
      <![CDATA[java.lang.IllegalArgumentException: wrong number of arguments
... Removed 25 stack frames]]>
    </failure>
  </testcase> <!-- verifyImportsTest -->
  <testcase name="verifyCreateCompanyTest" time="0.003" classname="Tests.LoginTest">
    <skipped/>
  </testcase> <!-- verifyCreateCompanyTest -->
  <testcase name="verifyCreateCompanyTest" time="0.003" classname="Tests.LoginTest">
    <skipped/>
  </testcase> <!-- verifyCreateCompanyTest -->
  <testcase name="verifyCreateCompanyTest" time="0.002" classname="Tests.LoginTest">
    <skipped/>
  </testcase> <!-- verifyCreateCompanyTest -->
  <testcase name="verifyCreateCompanyTest" time="0.002" classname="Tests.LoginTest">
    <failure type="java.lang.IllegalArgumentException" message="wrong number of arguments">
      <![CDATA[java.lang.IllegalArgumentException: wrong number of arguments
... Removed 25 stack frames]]>
    </failure>
  </testcase> <!-- verifyCreateCompanyTest -->
  <testcase name="verifyCreateDashboardTest" time="0.015" classname="Tests.LoginTest">
    <skipped/>
  </testcase> <!-- verifyCreateDashboardTest -->
</testsuite> <!-- Test -->
