<!DOCTYPE html PUBLIC "-//W3C//DTD XHTML 1.1//EN" "http://www.w3.org/TR/xhtml11/DTD/xhtml11.dtd">
<html xmlns="http://www.w3.org/1999/xhtml">
<head>
<meta http-equiv="content-type" content="text/html; charset=UTF-8"/>
<title>TestNG Report</title>
<style type="text/css">table {margin-bottom:10px;border-collapse:collapse;empty-cells:show}th,td {border:1px solid #009;padding:.25em .5em}th {vertical-align:bottom}td {vertical-align:top}table a {font-weight:bold}.stripe td {background-color: #E6EBF9}.num {text-align:right}.passedodd td {background-color: #3F3}.passedeven td {background-color: #0A0}.skippedodd td {background-color: #DDD}.skippedeven td {background-color: #CCC}.failedodd td,.attn {background-color: #F33}.failedeven td,.stripe .attn {background-color: #D00}.stacktrace {white-space:pre;font-family:monospace}.totop {font-size:85%;text-align:center;border-bottom:2px solid #000}.invisible {display:none}</style>
</head>
<body>
<table>
<tr><th>Test</th><th># Passed</th><th># Skipped</th><th># Failed</th><th>Time (ms)</th><th>Included Groups</th><th>Excluded Groups</th></tr>
<tr><th colspan="7">Suite</th></tr>
<tr><td><a href="#t0">Test</a></td><td class="num">4</td><td class="num attn">10</td><td class="num attn">3</td><td class="num">242,938</td><td></td><td></td></tr>
</table>
<table id='summary'><thead><tr><th>Class</th><th>Method</th><th>Start</th><th>Time (ms)</th></tr></thead><tbody><tr><th colspan="4">Suite</th></tr></tbody><tbody id="t0"><tr><th colspan="4">Test &#8212; failed</th></tr><tr class="failedeven"><td rowspan="3">Tests.LoginTest</td><td><a href="#m0">verifyCreateCompanyTest</a></td><td rowspan="1">1561010575436</td><td rowspan="1">2</td></tr><tr class="failedeven"><td><a href="#m1">verifyImportsTest</a></td><td rowspan="1">1561010575341</td><td rowspan="1">4</td></tr><tr class="failedeven"><td><a href="#m2">verifySearchContactsTest</a></td><td rowspan="1">1561010575270</td><td rowspan="1">4</td></tr><tr><th colspan="4">Test &#8212; skipped</th></tr><tr class="skippedeven"><td rowspan="10">Tests.LoginTest</td><td><a href="#m3">verifyCreateCompanyTest</a></td><td rowspan="3">1561010575421</td><td rowspan="3">3</td></tr><tr class="skippedeven"><td><a href="#m4">verifyCreateCompanyTest</a></td></tr><tr class="skippedeven"><td><a href="#m5">verifyCreateCompanyTest</a></td></tr><tr class="skippedeven"><td><a href="#m6">verifyCreateDashboardTest</a></td><td rowspan="1">1561010575535</td><td rowspan="1">15</td></tr><tr class="skippedeven"><td><a href="#m7">verifyImportsTest</a></td><td rowspan="3">1561010575330</td><td rowspan="3">3</td></tr><tr class="skippedeven"><td><a href="#m8">verifyImportsTest</a></td></tr><tr class="skippedeven"><td><a href="#m9">verifyImportsTest</a></td></tr><tr class="skippedeven"><td><a href="#m10">verifySearchContactsTest</a></td><td rowspan="3">1561010575233</td><td rowspan="3">10</td></tr><tr class="skippedeven"><td><a href="#m11">verifySearchContactsTest</a></td></tr><tr class="skippedeven"><td><a href="#m12">verifySearchContactsTest</a></td></tr><tr><th colspan="4">Test &#8212; passed</th></tr><tr class="passedeven"><td rowspan="4">Tests.LoginTest</td><td><a href="#m13">verifyContactPageTitleTest</a></td><td rowspan="1">1561010403722</td><td rowspan="1">141011</td></tr><tr class="passedeven"><td><a href="#m14">verifyHomePageTitleTest</a></td><td rowspan="1">1561010373661</td><td rowspan="1">30049</td></tr><tr class="passedeven"><td><a href="#m15">verifyLoginPageTitleTest</a></td><td rowspan="1">1561010338530</td><td rowspan="1">35114</td></tr><tr class="passedeven"><td><a href="#m16">verifyUserNameTest</a></td><td rowspan="1">1561010544748</td><td rowspan="1">30478</td></tr></tbody>
</table>
<h2>Test</h2><h3 id="m0">Tests.LoginTest#verifyCreateCompanyTest</h3><table class="result"><tr><th>Exception</th></tr><tr><td><div class="stacktrace">java.lang.IllegalArgumentException: wrong number of arguments
... Removed 25 stack frames</div></td></tr></table><p class="totop"><a href="#summary">back to summary</a></p>
<h3 id="m1">Tests.LoginTest#verifyImportsTest</h3><table class="result"><tr><th>Exception</th></tr><tr><td><div class="stacktrace">java.lang.IllegalArgumentException: wrong number of arguments
... Removed 25 stack frames</div></td></tr></table><p class="totop"><a href="#summary">back to summary</a></p>
<h3 id="m2">Tests.LoginTest#verifySearchContactsTest</h3><table class="result"><tr><th>Exception</th></tr><tr><td><div class="stacktrace">java.lang.IllegalArgumentException: wrong number of arguments
... Removed 25 stack frames</div></td></tr></table><p class="totop"><a href="#summary">back to summary</a></p>
<h3 id="m3">Tests.LoginTest#verifyCreateCompanyTest</h3><table class="result"><tr><th>Exception</th></tr><tr><td><div class="stacktrace">java.lang.IllegalArgumentException: wrong number of arguments
... Removed 25 stack frames</div></td></tr></table><p class="totop"><a href="#summary">back to summary</a></p>
<h3 id="m4">Tests.LoginTest#verifyCreateCompanyTest</h3><table class="result"><tr><th>Exception</th></tr><tr><td><div class="stacktrace">java.lang.IllegalArgumentException: wrong number of arguments
... Removed 25 stack frames</div></td></tr></table><p class="totop"><a href="#summary">back to summary</a></p>
<h3 id="m5">Tests.LoginTest#verifyCreateCompanyTest</h3><table class="result"><tr class="param"><th>Parameter #1</th></tr><tr class="param stripe"><td>public void Tests.LoginTest.verifyCreateCompanyTest(java.lang.reflect.Method)</td></tr><tr><th>Exception</th></tr><tr><td><div class="stacktrace">java.lang.AssertionError: The following asserts failed:
	expected [Assert failed due to mismatch of Motor and Motors] but found [true]
	at Tests.LoginTest.verifyCreateCompanyTest(LoginTest.java:194)
... Removed 26 stack frames</div></td></tr></table><p class="totop"><a href="#summary">back to summary</a></p>
<h3 id="m6">Tests.LoginTest#verifyCreateDashboardTest</h3><table class="result"><tr class="param"><th>Parameter #1</th></tr><tr class="param stripe"><td>public void Tests.LoginTest.verifyCreateDashboardTest(java.lang.reflect.Method)</td></tr><tr><th>Exception</th></tr><tr><td><div class="stacktrace">org.testng.SkipException: Not ready to test verifyCreateDashboardTest function under this build version 3.4.5
	at Tests.LoginTest.verifyCreateDashboardTest(LoginTest.java:220)
... Removed 25 stack frames</div></td></tr></table><p class="totop"><a href="#summary">back to summary</a></p>
<h3 id="m7">Tests.LoginTest#verifyImportsTest</h3><table class="result"><tr><th>Exception</th></tr><tr><td><div class="stacktrace">java.lang.IllegalArgumentException: wrong number of arguments
... Removed 25 stack frames</div></td></tr></table><p class="totop"><a href="#summary">back to summary</a></p>
<h3 id="m8">Tests.LoginTest#verifyImportsTest</h3><table class="result"><tr><th>Exception</th></tr><tr><td><div class="stacktrace">java.lang.IllegalArgumentException: wrong number of arguments
... Removed 25 stack frames</div></td></tr></table><p class="totop"><a href="#summary">back to summary</a></p>
<h3 id="m9">Tests.LoginTest#verifyImportsTest</h3><table class="result"><tr class="param"><th>Parameter #1</th></tr><tr class="param stripe"><td>public void Tests.LoginTest.verifyImportsTest(java.lang.reflect.Method)</td></tr><tr><th>Exception</th></tr><tr><td><div class="stacktrace">java.lang.AssertionError: The following asserts failed:
	expected [Assert failed due to mismatch of Dheeraj and dheeraj] but found [true]
	at Tests.LoginTest.verifyImportsTest(LoginTest.java:172)
... Removed 26 stack frames</div></td></tr></table><p class="totop"><a href="#summary">back to summary</a></p>
<h3 id="m10">Tests.LoginTest#verifySearchContactsTest</h3><table class="result"><tr class="param"><th>Parameter #1</th></tr><tr class="param stripe"><td>public void Tests.LoginTest.verifySearchContactsTest(java.lang.reflect.Method)</td></tr><tr><th>Exception</th></tr><tr><td><div class="stacktrace">java.lang.AssertionError: The following asserts failed:
	expected [Assert failed due to mismatch of Hello and hello] but found [true]
	at Tests.LoginTest.verifySearchContactsTest(LoginTest.java:149)
... Removed 26 stack frames</div></td></tr></table><p class="totop"><a href="#summary">back to summary</a></p>
<h3 id="m11">Tests.LoginTest#verifySearchContactsTest</h3><table class="result"><tr><th>Exception</th></tr><tr><td><div class="stacktrace">java.lang.IllegalArgumentException: wrong number of arguments
... Removed 25 stack frames</div></td></tr></table><p class="totop"><a href="#summary">back to summary</a></p>
<h3 id="m12">Tests.LoginTest#verifySearchContactsTest</h3><table class="result"><tr><th>Exception</th></tr><tr><td><div class="stacktrace">java.lang.IllegalArgumentException: wrong number of arguments
... Removed 25 stack frames</div></td></tr></table><p class="totop"><a href="#summary">back to summary</a></p>
<h3 id="m13">Tests.LoginTest#verifyContactPageTitleTest</h3><table class="result"><tr class="param"><th>Parameter #1</th></tr><tr class="param stripe"><td>public void Tests.LoginTest.verifyContactPageTitleTest(java.lang.reflect.Method)</td></tr></table><p class="totop"><a href="#summary">back to summary</a></p>
<h3 id="m14">Tests.LoginTest#verifyHomePageTitleTest</h3><table class="result"><tr class="param"><th>Parameter #1</th></tr><tr class="param stripe"><td>public void Tests.LoginTest.verifyHomePageTitleTest(java.lang.reflect.Method)</td></tr></table><p class="totop"><a href="#summary">back to summary</a></p>
<h3 id="m15">Tests.LoginTest#verifyLoginPageTitleTest</h3><table class="result"><tr class="param"><th>Parameter #1</th></tr><tr class="param stripe"><td>public void Tests.LoginTest.verifyLoginPageTitleTest(java.lang.reflect.Method)</td></tr></table><p class="totop"><a href="#summary">back to summary</a></p>
<h3 id="m16">Tests.LoginTest#verifyUserNameTest</h3><table class="result"><tr class="param"><th>Parameter #1</th></tr><tr class="param stripe"><td>public void Tests.LoginTest.verifyUserNameTest(java.lang.reflect.Method)</td></tr></table><p class="totop"><a href="#summary">back to summary</a></p>
</body>
</html>
